<?xml version="1.0" encoding="UTF-8"?>
<testng-results skipped="0" failed="0" total="1" passed="1">
  <reporter-output>
  </reporter-output>
  <suite name="Default suite" duration-ms="121491" started-at="2021-07-20T11:14:56Z" finished-at="2021-07-20T11:16:57Z">
    <groups>
    </groups>
    <test name="Default test" duration-ms="121491" started-at="2021-07-20T11:14:56Z" finished-at="2021-07-20T11:16:57Z">
      <class name="testCases.ExecuteTest">
        <test-method status="PASS" signature="testLogin()[pri:0, instance:testCases.ExecuteTest@55a1c291]" name="testLogin" duration-ms="121409" started-at="2021-07-20T21:14:56Z" finished-at="2021-07-20T21:16:57Z">
          <reporter-output>
          </reporter-output>
        </test-method> <!-- testLogin -->
      </class> <!-- testCases.ExecuteTest -->
    </test> <!-- Default test -->
  </suite> <!-- Default suite -->
</testng-results>
